TN:
SF:src/modules/accounts/use-cases/authenticate-user/AuthenticateUser.controller.ts
FN:6,AuthenticateUserController
FN:7,Object.<anonymous>.AuthenticateUserController.handle
FNF:2
FNH:2
FNDA:1,AuthenticateUserController
FNDA:2,Object.<anonymous>.AuthenticateUserController.handle
DA:1,1
DA:2,1
DA:3,1
DA:4,1
DA:5,1
DA:6,1
DA:7,1
DA:8,2
DA:9,2
DA:10,2
DA:11,2
DA:12,2
DA:13,2
DA:14,2
DA:15,2
DA:16,2
DA:17,2
DA:18,2
DA:19,1
DA:20,1
DA:21,1
LF:21
LH:21
BRDA:6,0,0,1
BRDA:6,1,0,1
BRDA:7,2,0,2
BRF:3
BRH:3
end_of_record
TN:
SF:src/modules/accounts/use-cases/authenticate-user/AuthenticateUser.service.ts
FN:15,AuthenticateUser
FN:26,Object.<anonymous>.AuthenticateUser.execute
FNF:2
FNH:2
FNDA:2,AuthenticateUser
FNDA:2,Object.<anonymous>.AuthenticateUser.execute
DA:1,1
DA:2,1
DA:3,1
DA:4,1
DA:5,1
DA:6,1
DA:7,1
DA:8,1
DA:9,1
DA:10,1
DA:11,1
DA:12,1
DA:13,1
DA:14,1
DA:15,1
DA:16,2
DA:17,2
DA:18,2
DA:19,2
DA:20,2
DA:21,2
DA:22,2
DA:23,2
DA:24,2
DA:25,1
DA:26,1
DA:27,2
DA:28,2
DA:29,2
DA:30,2
DA:31,0
DA:32,0
DA:33,2
DA:34,2
DA:35,2
DA:36,2
DA:37,2
DA:38,0
DA:39,0
DA:40,2
DA:41,2
DA:42,2
DA:43,2
DA:44,2
DA:45,2
DA:46,2
DA:47,2
DA:48,2
DA:49,2
DA:50,2
DA:51,2
DA:52,2
DA:53,2
DA:54,2
DA:55,2
DA:56,2
DA:57,2
DA:58,2
DA:59,2
DA:60,1
DA:61,1
DA:62,1
DA:63,1
LF:63
LH:59
BRDA:14,0,0,1
BRDA:15,1,0,2
BRDA:26,2,0,2
BRDA:28,3,0,2
BRDA:30,4,0,0
BRDA:37,5,0,0
BRF:6
BRH:4
end_of_record
TN:
SF:src/modules/accounts/use-cases/create-refresh-token/CreateRefreshToken.controller.ts
FN:1,(empty-report)
FNF:1
FNH:0
FNDA:0,(empty-report)
DA:1,0
DA:2,0
DA:3,0
DA:4,0
DA:5,0
DA:6,0
DA:7,0
DA:8,0
DA:9,0
DA:10,0
DA:11,0
DA:12,0
DA:13,0
DA:14,0
DA:15,0
DA:16,0
DA:17,0
DA:18,0
DA:19,0
DA:20,0
DA:21,0
LF:21
LH:0
BRDA:1,0,0,0
BRF:1
BRH:0
end_of_record
TN:
SF:src/modules/accounts/use-cases/create-refresh-token/CreateRefreshToken.service.ts
FN:1,(empty-report)
FNF:1
FNH:0
FNDA:0,(empty-report)
DA:1,0
DA:2,0
DA:3,0
DA:4,0
DA:5,0
DA:6,0
DA:7,0
DA:8,0
DA:9,0
DA:10,0
DA:11,0
DA:12,0
DA:13,0
DA:14,0
DA:15,0
DA:16,0
DA:17,0
DA:18,0
DA:19,0
DA:20,0
DA:21,0
DA:22,0
DA:23,0
DA:24,0
DA:25,0
DA:26,0
DA:27,0
DA:28,0
DA:29,0
DA:30,0
DA:31,0
DA:32,0
DA:33,0
DA:34,0
DA:35,0
DA:36,0
DA:37,0
DA:38,0
DA:39,0
DA:40,0
DA:41,0
DA:42,0
DA:43,0
DA:44,0
DA:45,0
LF:45
LH:0
BRDA:1,0,0,0
BRF:1
BRH:0
end_of_record
TN:
SF:src/modules/accounts/use-cases/create-user/CreateUser.controller.ts
FN:6,CreateUserController
FN:7,Object.<anonymous>.CreateUserController.handle
FNF:2
FNH:1
FNDA:1,CreateUserController
FNDA:0,Object.<anonymous>.CreateUserController.handle
DA:1,1
DA:2,1
DA:3,1
DA:4,1
DA:5,1
DA:6,1
DA:7,1
DA:8,0
DA:9,0
DA:10,0
DA:11,0
DA:12,0
DA:13,0
DA:14,0
DA:15,0
DA:16,0
DA:17,0
DA:18,0
DA:19,0
DA:20,1
LF:20
LH:8
BRDA:6,0,0,1
BRDA:6,1,0,1
BRF:2
BRH:2
end_of_record
TN:
SF:src/modules/accounts/use-cases/create-user/CreateUser.service.ts
FN:10,CreateUser
FN:15,Object.<anonymous>.CreateUser.execute
FNF:2
FNH:2
FNDA:3,CreateUser
FNDA:2,Object.<anonymous>.CreateUser.execute
DA:1,1
DA:2,1
DA:3,1
DA:4,1
DA:5,1
DA:6,1
DA:7,1
DA:8,1
DA:9,1
DA:10,1
DA:11,3
DA:12,3
DA:13,3
DA:14,1
DA:15,1
DA:16,2
DA:17,2
DA:18,2
DA:19,2
DA:20,2
DA:21,0
DA:22,0
DA:23,2
DA:24,2
DA:25,2
DA:26,2
DA:27,2
DA:28,2
DA:29,2
DA:30,2
DA:31,1
LF:31
LH:29
BRDA:9,0,0,1
BRDA:10,1,0,3
BRDA:15,2,0,2
BRDA:16,3,0,2
BRDA:20,4,0,0
BRF:5
BRH:4
end_of_record
TN:
SF:src/modules/accounts/use-cases/reset-password/ResetPassword.controller.ts
FN:6,ResetPasswordController
FN:7,Object.<anonymous>.ResetPasswordController.handle
FNF:2
FNH:1
FNDA:1,ResetPasswordController
FNDA:0,Object.<anonymous>.ResetPasswordController.handle
DA:1,1
DA:2,1
DA:3,1
DA:4,1
DA:5,1
DA:6,1
DA:7,1
DA:8,0
DA:9,0
DA:10,0
DA:11,0
DA:12,0
DA:13,0
DA:14,0
DA:15,0
DA:16,0
DA:17,1
DA:18,1
DA:19,1
LF:19
LH:10
BRDA:6,0,0,1
BRDA:6,1,0,1
BRF:2
BRH:2
end_of_record
TN:
SF:src/modules/accounts/use-cases/reset-password/ResetPassword.service.ts
FN:12,ResetPassword
FN:23,Object.<anonymous>.ResetPassword.execute
FNF:2
FNH:0
FNDA:0,ResetPassword
FNDA:0,Object.<anonymous>.ResetPassword.execute
DA:1,1
DA:2,1
DA:3,1
DA:4,1
DA:5,1
DA:6,1
DA:7,1
DA:8,1
DA:9,1
DA:10,1
DA:11,1
DA:12,1
DA:13,0
DA:14,0
DA:15,0
DA:16,0
DA:17,0
DA:18,0
DA:19,0
DA:20,0
DA:21,0
DA:22,1
DA:23,1
DA:24,0
DA:25,0
DA:26,0
DA:27,0
DA:28,0
DA:29,0
DA:30,0
DA:31,0
DA:32,0
DA:33,0
DA:34,0
DA:35,0
DA:36,0
DA:37,0
DA:38,0
DA:39,0
DA:40,0
DA:41,0
DA:42,0
DA:43,0
DA:44,0
DA:45,0
DA:46,0
DA:47,0
DA:48,0
DA:49,0
DA:50,0
DA:51,0
DA:52,0
DA:53,0
DA:54,1
DA:55,1
DA:56,1
LF:56
LH:17
BRDA:11,0,0,1
BRF:1
BRH:1
end_of_record
TN:
SF:src/modules/accounts/use-cases/send-password-email/SendPasswordEmail.controller.ts
FN:6,SendPasswordEmailController
FN:7,Object.<anonymous>.SendPasswordEmailController.handle
FNF:2
FNH:1
FNDA:1,SendPasswordEmailController
FNDA:0,Object.<anonymous>.SendPasswordEmailController.handle
DA:1,1
DA:2,1
DA:3,1
DA:4,1
DA:5,1
DA:6,1
DA:7,1
DA:8,0
DA:9,0
DA:10,0
DA:11,0
DA:12,0
DA:13,0
DA:14,0
DA:15,1
DA:16,1
DA:17,1
LF:17
LH:10
BRDA:6,0,0,1
BRDA:6,1,0,1
BRF:2
BRH:2
end_of_record
TN:
SF:src/modules/accounts/use-cases/send-password-email/SendPasswordEmail.service.ts
FN:14,SendPasswordEmail
FN:25,Object.<anonymous>.SendPasswordEmail.execute
FNF:2
FNH:2
FNDA:3,SendPasswordEmail
FNDA:3,Object.<anonymous>.SendPasswordEmail.execute
DA:1,1
DA:2,1
DA:3,1
DA:4,1
DA:5,1
DA:6,1
DA:7,1
DA:8,1
DA:9,1
DA:10,1
DA:11,1
DA:12,1
DA:13,1
DA:14,1
DA:15,3
DA:16,3
DA:17,3
DA:18,3
DA:19,3
DA:20,3
DA:21,3
DA:22,3
DA:23,3
DA:24,1
DA:25,1
DA:26,3
DA:27,3
DA:28,3
DA:29,3
DA:30,3
DA:31,3
DA:32,3
DA:33,3
DA:34,3
DA:35,3
DA:36,3
DA:37,3
DA:38,1
DA:39,1
DA:40,2
DA:41,2
DA:42,2
DA:43,2
DA:44,2
DA:45,2
DA:46,2
DA:47,2
DA:48,2
DA:49,2
DA:50,2
DA:51,2
DA:52,2
DA:53,2
DA:54,3
DA:55,3
DA:56,3
DA:57,3
DA:58,3
DA:59,3
DA:60,3
DA:61,3
DA:62,1
DA:63,1
DA:64,1
LF:64
LH:64
BRDA:13,0,0,1
BRDA:14,1,0,3
BRDA:25,2,0,3
BRDA:37,3,0,1
BRDA:40,4,0,2
BRF:5
BRH:5
end_of_record
TN:
SF:src/modules/accounts/use-cases/update-user-avatar/UpdateUserAvatar.controller.ts
FN:6,UpdateUserAvatarController
FN:7,Object.<anonymous>.UpdateUserAvatarController.handle
FNF:2
FNH:1
FNDA:1,UpdateUserAvatarController
FNDA:0,Object.<anonymous>.UpdateUserAvatarController.handle
DA:1,1
DA:2,1
DA:3,1
DA:4,1
DA:5,1
DA:6,1
DA:7,1
DA:8,0
DA:9,0
DA:10,0
DA:11,0
DA:12,0
DA:13,0
DA:14,0
DA:15,0
DA:16,0
DA:17,1
LF:17
LH:8
BRDA:6,0,0,1
BRDA:6,1,0,1
BRF:2
BRH:2
end_of_record
TN:
SF:src/modules/accounts/use-cases/update-user-avatar/UpdateUserAvatar.service.ts
FN:14,UpdateUserAvatar
FN:18,Object.<anonymous>.UpdateUserAvatar.execute
FNF:2
FNH:0
FNDA:0,UpdateUserAvatar
FNDA:0,Object.<anonymous>.UpdateUserAvatar.execute
DA:1,1
DA:2,1
DA:3,1
DA:4,1
DA:5,1
DA:6,1
DA:7,1
DA:8,1
DA:9,1
DA:10,1
DA:11,1
DA:12,1
DA:13,1
DA:14,1
DA:15,0
DA:16,0
DA:17,0
DA:18,1
DA:19,0
DA:20,0
DA:21,0
DA:22,0
DA:23,0
DA:24,0
DA:25,0
DA:26,0
DA:27,0
DA:28,0
DA:29,1
LF:29
LH:16
BRDA:13,0,0,1
BRF:1
BRH:1
end_of_record
TN:
SF:src/modules/cars/use-cases/car-images/upload-image/UploadImage.controller.ts
FN:10,UploadImageController
FN:11,Object.<anonymous>.UploadImageController.handle
FNF:2
FNH:1
FNDA:1,UploadImageController
FNDA:0,Object.<anonymous>.UploadImageController.handle
DA:1,1
DA:2,1
DA:3,1
DA:4,1
DA:5,1
DA:6,1
DA:7,1
DA:8,1
DA:9,1
DA:10,1
DA:11,1
DA:12,0
DA:13,0
DA:14,0
DA:15,0
DA:16,0
DA:17,0
DA:18,0
DA:19,0
DA:20,0
DA:21,1
DA:22,1
DA:23,1
LF:23
LH:14
BRDA:10,0,0,1
BRDA:10,1,0,1
BRF:2
BRH:2
end_of_record
TN:
SF:src/modules/cars/use-cases/car-images/upload-image/UploadImage.service.ts
FN:12,UploadImage
FN:16,Object.<anonymous>.UploadImage.execute
FNF:2
FNH:0
FNDA:0,UploadImage
FNDA:0,Object.<anonymous>.UploadImage.execute
DA:1,1
DA:2,1
DA:3,1
DA:4,1
DA:5,1
DA:6,1
DA:7,1
DA:8,1
DA:9,1
DA:10,1
DA:11,1
DA:12,1
DA:13,0
DA:14,0
DA:15,0
DA:16,1
DA:17,0
DA:18,0
DA:19,0
DA:20,0
DA:21,1
DA:22,1
DA:23,1
LF:23
LH:16
BRDA:11,0,0,1
BRF:1
BRH:1
end_of_record
TN:
SF:src/modules/cars/use-cases/car/create-car/CreateCar.controller.ts
FN:6,CreateCarController
FN:7,Object.<anonymous>.CreateCarController.handle
FNF:2
FNH:1
FNDA:1,CreateCarController
FNDA:0,Object.<anonymous>.CreateCarController.handle
DA:1,1
DA:2,1
DA:3,1
DA:4,1
DA:5,1
DA:6,1
DA:7,1
DA:8,0
DA:9,0
DA:10,0
DA:11,0
DA:12,0
DA:13,0
DA:14,0
DA:15,1
DA:16,1
LF:16
LH:9
BRDA:6,0,0,1
BRDA:6,1,0,1
BRF:2
BRH:2
end_of_record
TN:
SF:src/modules/cars/use-cases/car/create-car/CreateCar.service.ts
FN:10,CreateCar
FN:15,Object.<anonymous>.CreateCar.execute
FNF:2
FNH:2
FNDA:3,CreateCar
FNDA:4,Object.<anonymous>.CreateCar.execute
DA:1,1
DA:2,1
DA:3,1
DA:4,1
DA:5,1
DA:6,1
DA:7,1
DA:8,1
DA:9,1
DA:10,1
DA:11,3
DA:12,3
DA:13,3
DA:14,1
DA:15,1
DA:16,4
DA:17,4
DA:18,4
DA:19,4
DA:20,4
DA:21,4
DA:22,4
DA:23,4
DA:24,4
DA:25,4
DA:26,4
DA:27,1
DA:28,1
DA:29,3
DA:30,3
DA:31,3
DA:32,3
DA:33,3
DA:34,3
DA:35,3
DA:36,3
DA:37,3
DA:38,3
DA:39,4
DA:40,4
DA:41,4
DA:42,1
DA:43,1
DA:44,1
LF:44
LH:44
BRDA:9,0,0,1
BRDA:10,1,0,3
BRDA:15,2,0,4
BRDA:24,3,0,4
BRDA:26,4,0,1
BRDA:29,5,0,3
BRF:6
BRH:6
end_of_record
TN:
SF:src/modules/cars/use-cases/car/list-cars/listCars.controller.ts
FN:6,ListCarsController
FN:7,Object.<anonymous>.ListCarsController.handle
FNF:2
FNH:1
FNDA:1,ListCarsController
FNDA:0,Object.<anonymous>.ListCarsController.handle
DA:1,1
DA:2,1
DA:3,1
DA:4,1
DA:5,1
DA:6,1
DA:7,1
DA:8,0
DA:9,0
DA:10,0
DA:11,0
DA:12,0
DA:13,0
DA:14,0
DA:15,0
DA:16,0
DA:17,0
DA:18,0
DA:19,1
DA:20,1
DA:21,1
LF:21
LH:10
BRDA:6,0,0,1
BRDA:6,1,0,1
BRF:2
BRH:2
end_of_record
TN:
SF:src/modules/cars/use-cases/car/list-cars/listCars.service.ts
FN:14,ListCars
FN:19,Object.<anonymous>.ListCars.execute
FNF:2
FNH:2
FNDA:4,ListCars
FNDA:4,Object.<anonymous>.ListCars.execute
DA:1,1
DA:2,1
DA:3,1
DA:4,1
DA:5,1
DA:6,1
DA:7,1
DA:8,1
DA:9,1
DA:10,1
DA:11,1
DA:12,1
DA:13,1
DA:14,1
DA:15,4
DA:16,4
DA:17,4
DA:18,1
DA:19,1
DA:20,4
DA:21,4
DA:22,4
DA:23,4
DA:24,4
DA:25,4
DA:26,4
DA:27,4
DA:28,1
DA:29,1
DA:30,1
LF:30
LH:30
BRDA:13,0,0,1
BRDA:14,1,0,4
BRDA:19,2,0,4
BRDA:20,3,0,4
BRF:4
BRH:4
end_of_record
TN:
SF:src/modules/cars/use-cases/category/create-category/CreateCategory.controller.ts
FN:6,CreateCategoryController
FN:7,Object.<anonymous>.CreateCategoryController.handle
FNF:2
FNH:2
FNDA:1,CreateCategoryController
FNDA:3,Object.<anonymous>.CreateCategoryController.handle
DA:1,1
DA:2,1
DA:3,1
DA:4,1
DA:5,1
DA:6,1
DA:7,1
DA:8,3
DA:9,3
DA:10,3
DA:11,3
DA:12,3
DA:13,3
DA:14,3
DA:15,3
DA:16,1
LF:16
LH:16
BRDA:6,0,0,1
BRDA:6,1,0,1
BRDA:7,2,0,3
BRF:3
BRH:3
end_of_record
TN:
SF:src/modules/cars/use-cases/category/create-category/CreateCategory.service.ts
FN:13,CreateCategory
FN:18,Object.<anonymous>.CreateCategory.execute
FNF:2
FNH:2
FNDA:3,CreateCategory
FNDA:3,Object.<anonymous>.CreateCategory.execute
DA:1,1
DA:2,1
DA:3,1
DA:4,1
DA:5,1
DA:6,1
DA:7,1
DA:8,1
DA:9,1
DA:10,1
DA:11,1
DA:12,1
DA:13,1
DA:14,3
DA:15,3
DA:16,3
DA:17,1
DA:18,1
DA:19,3
DA:20,3
DA:21,3
DA:22,3
DA:23,3
DA:24,2
DA:25,2
DA:26,3
DA:27,3
DA:28,3
DA:29,1
DA:30,1
DA:31,1
LF:31
LH:31
BRDA:12,0,0,1
BRDA:13,1,0,3
BRDA:18,2,0,3
BRDA:19,3,0,3
BRDA:23,4,0,2
BRF:5
BRH:5
end_of_record
TN:
SF:src/modules/cars/use-cases/category/import-category/ImportCategory.controller.ts
FN:6,ImportCategoryController
FN:7,Object.<anonymous>.ImportCategoryController.handle
FNF:2
FNH:1
FNDA:1,ImportCategoryController
FNDA:0,Object.<anonymous>.ImportCategoryController.handle
DA:1,1
DA:2,1
DA:3,1
DA:4,1
DA:5,1
DA:6,1
DA:7,1
DA:8,0
DA:9,0
DA:10,0
DA:11,0
DA:12,0
DA:13,0
DA:14,0
DA:15,1
LF:15
LH:8
BRDA:6,0,0,1
BRDA:6,1,0,1
BRF:2
BRH:2
end_of_record
TN:
SF:src/modules/cars/use-cases/category/import-category/ImportCategory.service.ts
FN:14,ImportCategory
FN:19,Object.<anonymous>.ImportCategory.loadCategory
FN:43,Object.<anonymous>.ImportCategory.execute
FNF:3
FNH:0
FNDA:0,ImportCategory
FNDA:0,Object.<anonymous>.ImportCategory.loadCategory
FNDA:0,Object.<anonymous>.ImportCategory.execute
DA:1,1
DA:2,1
DA:3,1
DA:4,1
DA:5,1
DA:6,1
DA:7,1
DA:8,1
DA:9,1
DA:10,1
DA:11,1
DA:12,1
DA:13,1
DA:14,1
DA:15,0
DA:16,0
DA:17,0
DA:18,1
DA:19,1
DA:20,0
DA:21,0
DA:22,0
DA:23,0
DA:24,0
DA:25,0
DA:26,0
DA:27,0
DA:28,0
DA:29,0
DA:30,0
DA:31,0
DA:32,0
DA:33,0
DA:34,0
DA:35,0
DA:36,0
DA:37,0
DA:38,0
DA:39,0
DA:40,0
DA:41,0
DA:42,1
DA:43,1
DA:44,0
DA:45,0
DA:46,0
DA:47,0
DA:48,0
DA:49,0
DA:50,0
DA:51,0
DA:52,0
DA:53,0
DA:54,0
DA:55,0
DA:56,1
LF:56
LH:19
BRDA:13,0,0,1
BRF:1
BRH:1
end_of_record
TN:
SF:src/modules/cars/use-cases/category/list-categories/ListCategories.controller.ts
FN:6,ListCategoriesController
FN:7,Object.<anonymous>.ListCategoriesController.handle
FNF:2
FNH:2
FNDA:1,ListCategoriesController
FNDA:1,Object.<anonymous>.ListCategoriesController.handle
DA:1,1
DA:2,1
DA:3,1
DA:4,1
DA:5,1
DA:6,1
DA:7,1
DA:8,1
DA:9,1
DA:10,1
DA:11,1
DA:12,1
DA:13,1
LF:13
LH:13
BRDA:6,0,0,1
BRDA:6,1,0,1
BRDA:7,2,0,1
BRF:3
BRH:3
end_of_record
TN:
SF:src/modules/cars/use-cases/category/list-categories/ListCategories.service.ts
FN:8,ListCategories
FN:13,Object.<anonymous>.ListCategories.execute
FNF:2
FNH:2
FNDA:1,ListCategories
FNDA:1,Object.<anonymous>.ListCategories.execute
DA:1,1
DA:2,1
DA:3,1
DA:4,1
DA:5,1
DA:6,1
DA:7,1
DA:8,1
DA:9,1
DA:10,1
DA:11,1
DA:12,1
DA:13,1
DA:14,1
DA:15,1
DA:16,1
DA:17,1
DA:18,1
LF:18
LH:18
BRDA:7,0,0,1
BRDA:8,1,0,1
BRDA:13,2,0,1
BRDA:14,3,0,1
BRF:4
BRH:4
end_of_record
TN:
SF:src/modules/cars/use-cases/specification/create-car-specification/CreateCarSpecification.controller.ts
FN:6,CreateCarSpecificationController
FN:7,Object.<anonymous>.CreateCarSpecificationController.handle
FNF:2
FNH:1
FNDA:1,CreateCarSpecificationController
FNDA:0,Object.<anonymous>.CreateCarSpecificationController.handle
DA:1,1
DA:2,1
DA:3,1
DA:4,1
DA:5,1
DA:6,1
DA:7,1
DA:8,0
DA:9,0
DA:10,0
DA:11,0
DA:12,0
DA:13,0
DA:14,0
DA:15,0
DA:16,0
DA:17,0
DA:18,0
DA:19,1
DA:20,1
DA:21,1
LF:21
LH:10
BRDA:6,0,0,1
BRDA:6,1,0,1
BRF:2
BRH:2
end_of_record
TN:
SF:src/modules/cars/use-cases/specification/create-car-specification/CreateCarSpecification.service.ts
FN:15,CreateCarSpecification
FN:23,Object.<anonymous>.CreateCarSpecification.execute
FNF:2
FNH:2
FNDA:3,CreateCarSpecification
FNDA:3,Object.<anonymous>.CreateCarSpecification.execute
DA:1,1
DA:2,1
DA:3,1
DA:4,1
DA:5,1
DA:6,1
DA:7,1
DA:8,1
DA:9,1
DA:10,1
DA:11,1
DA:12,1
DA:13,1
DA:14,1
DA:15,1
DA:16,3
DA:17,3
DA:18,3
DA:19,3
DA:20,3
DA:21,3
DA:22,1
DA:23,1
DA:24,3
DA:25,3
DA:26,3
DA:27,2
DA:28,2
DA:29,1
DA:30,1
DA:31,1
DA:32,1
DA:33,3
DA:34,3
DA:35,3
DA:36,3
DA:37,3
DA:38,3
DA:39,3
DA:40,1
DA:41,1
DA:42,1
LF:42
LH:42
BRDA:14,0,0,1
BRDA:15,1,0,3
BRDA:23,2,0,3
BRDA:24,3,0,3
BRDA:26,4,0,2
BRDA:29,5,0,1
BRF:6
BRH:6
end_of_record
TN:
SF:src/modules/cars/use-cases/specification/create-specification/CreateSpecification.controller.ts
FN:6,CreateSpecificationController
FN:7,Object.<anonymous>.CreateSpecificationController.handle
FNF:2
FNH:1
FNDA:1,CreateSpecificationController
FNDA:0,Object.<anonymous>.CreateSpecificationController.handle
DA:1,1
DA:2,1
DA:3,1
DA:4,1
DA:5,1
DA:6,1
DA:7,1
DA:8,0
DA:9,0
DA:10,0
DA:11,0
DA:12,0
DA:13,0
DA:14,0
DA:15,0
DA:16,1
LF:16
LH:8
BRDA:6,0,0,1
BRDA:6,1,0,1
BRF:2
BRH:2
end_of_record
TN:
SF:src/modules/cars/use-cases/specification/create-specification/CreateSpecification.service.ts
FN:12,CreateSpecification
FN:17,Object.<anonymous>.CreateSpecification.execute
FNF:2
FNH:0
FNDA:0,CreateSpecification
FNDA:0,Object.<anonymous>.CreateSpecification.execute
DA:1,1
DA:2,1
DA:3,1
DA:4,1
DA:5,1
DA:6,1
DA:7,1
DA:8,1
DA:9,1
DA:10,1
DA:11,1
DA:12,1
DA:13,0
DA:14,0
DA:15,0
DA:16,1
DA:17,1
DA:18,0
DA:19,0
DA:20,0
DA:21,0
DA:22,0
DA:23,0
DA:24,0
DA:25,0
DA:26,0
DA:27,1
DA:28,1
DA:29,1
LF:29
LH:17
BRDA:11,0,0,1
BRF:1
BRH:1
end_of_record
TN:
SF:src/modules/rental/use-cases/create-rental/CreateRental.controller.ts
FN:6,CreateRentalController
FN:7,Object.<anonymous>.CreateRentalController.handle
FNF:2
FNH:1
FNDA:1,CreateRentalController
FNDA:0,Object.<anonymous>.CreateRentalController.handle
DA:1,1
DA:2,1
DA:3,1
DA:4,1
DA:5,1
DA:6,1
DA:7,1
DA:8,0
DA:9,0
DA:10,0
DA:11,0
DA:12,0
DA:13,0
DA:14,0
DA:15,0
DA:16,0
DA:17,0
DA:18,0
DA:19,0
DA:20,1
DA:21,1
DA:22,1
LF:22
LH:10
BRDA:6,0,0,1
BRDA:6,1,0,1
BRF:2
BRH:2
end_of_record
TN:
SF:src/modules/rental/use-cases/create-rental/CreateRental.service.ts
FN:17,CreateRental
FN:26,Object.<anonymous>.CreateRental.execute
FNF:2
FNH:2
FNDA:4,CreateRental
FNDA:6,Object.<anonymous>.CreateRental.execute
DA:1,1
DA:2,1
DA:3,1
DA:4,1
DA:5,1
DA:6,1
DA:7,1
DA:8,1
DA:9,1
DA:10,1
DA:11,1
DA:12,1
DA:13,1
DA:14,1
DA:15,1
DA:16,1
DA:17,1
DA:18,4
DA:19,4
DA:20,4
DA:21,4
DA:22,4
DA:23,4
DA:24,4
DA:25,1
DA:26,1
DA:27,6
DA:28,6
DA:29,6
DA:30,6
DA:31,6
DA:32,6
DA:33,6
DA:34,6
DA:35,6
DA:36,1
DA:37,1
DA:38,5
DA:39,5
DA:40,5
DA:41,6
DA:42,6
DA:43,1
DA:44,1
DA:45,4
DA:46,4
DA:47,4
DA:48,4
DA:49,4
DA:50,4
DA:51,4
DA:52,4
DA:53,6
DA:54,1
DA:55,1
DA:56,3
DA:57,3
DA:58,6
DA:59,6
DA:60,6
DA:61,1
DA:62,1
DA:63,1
LF:63
LH:63
BRDA:16,0,0,1
BRDA:17,1,0,4
BRDA:26,2,0,6
BRDA:33,3,0,6
BRDA:35,4,0,1
BRDA:38,5,0,5
BRDA:42,6,0,1
BRDA:45,7,0,4
BRDA:53,8,0,1
BRDA:56,9,0,3
BRF:10
BRH:10
end_of_record
TN:
SF:src/modules/rental/use-cases/finish-rental/FinishRental.controller.ts
FN:6,FinishRentalController
FN:7,Object.<anonymous>.FinishRentalController.handle
FNF:2
FNH:1
FNDA:1,FinishRentalController
FNDA:0,Object.<anonymous>.FinishRentalController.handle
DA:1,1
DA:2,1
DA:3,1
DA:4,1
DA:5,1
DA:6,1
DA:7,1
DA:8,0
DA:9,0
DA:10,0
DA:11,0
DA:12,0
DA:13,0
DA:14,0
DA:15,1
DA:16,1
DA:17,1
LF:17
LH:10
BRDA:6,0,0,1
BRDA:6,1,0,1
BRF:2
BRH:2
end_of_record
TN:
SF:src/modules/rental/use-cases/finish-rental/FinishRental.service.ts
FN:14,FinishRental
FN:23,Object.<anonymous>.FinishRental.execute
FNF:2
FNH:0
FNDA:0,FinishRental
FNDA:0,Object.<anonymous>.FinishRental.execute
DA:1,1
DA:2,1
DA:3,1
DA:4,1
DA:5,1
DA:6,1
DA:7,1
DA:8,1
DA:9,1
DA:10,1
DA:11,1
DA:12,1
DA:13,1
DA:14,1
DA:15,0
DA:16,0
DA:17,0
DA:18,0
DA:19,0
DA:20,0
DA:21,0
DA:22,1
DA:23,1
DA:24,0
DA:25,0
DA:26,0
DA:27,0
DA:28,0
DA:29,0
DA:30,0
DA:31,0
DA:32,0
DA:33,0
DA:34,0
DA:35,0
DA:36,0
DA:37,0
DA:38,0
DA:39,0
DA:40,0
DA:41,0
DA:42,0
DA:43,0
DA:44,0
DA:45,0
DA:46,0
DA:47,0
DA:48,0
DA:49,0
DA:50,0
DA:51,0
DA:52,0
DA:53,0
DA:54,0
DA:55,0
DA:56,0
DA:57,0
DA:58,0
DA:59,0
DA:60,0
DA:61,0
DA:62,0
DA:63,0
DA:64,0
DA:65,0
DA:66,0
DA:67,0
DA:68,1
DA:69,1
DA:70,1
LF:70
LH:19
BRDA:13,0,0,1
BRF:1
BRH:1
end_of_record
TN:
SF:src/modules/rental/use-cases/list-rentals-by-user/ListRentalsByUser.controller.ts
FN:6,ListRentalsByUserController
FN:7,Object.<anonymous>.ListRentalsByUserController.handle
FNF:2
FNH:1
FNDA:1,ListRentalsByUserController
FNDA:0,Object.<anonymous>.ListRentalsByUserController.handle
DA:1,1
DA:2,1
DA:3,1
DA:4,1
DA:5,1
DA:6,1
DA:7,1
DA:8,0
DA:9,0
DA:10,0
DA:11,0
DA:12,0
DA:13,0
DA:14,0
DA:15,1
DA:16,1
DA:17,1
LF:17
LH:10
BRDA:6,0,0,1
BRDA:6,1,0,1
BRF:2
BRH:2
end_of_record
TN:
SF:src/modules/rental/use-cases/list-rentals-by-user/ListRentalsByUser.service.ts
FN:8,ListRentalsByUser
FN:13,Object.<anonymous>.ListRentalsByUser.execute
FNF:2
FNH:0
FNDA:0,ListRentalsByUser
FNDA:0,Object.<anonymous>.ListRentalsByUser.execute
DA:1,1
DA:2,1
DA:3,1
DA:4,1
DA:5,1
DA:6,1
DA:7,1
DA:8,1
DA:9,0
DA:10,0
DA:11,0
DA:12,1
DA:13,1
DA:14,0
DA:15,0
DA:16,1
DA:17,1
DA:18,1
LF:18
LH:13
BRDA:7,0,0,1
BRF:1
BRH:1
end_of_record
